2015-12-22 17:32:06： stdClass::__set_state(array(
   'CreateTicketsResult' => '[{"code":"2","message":"6f9cb4a4-ac36-48df-b07b-6cad1e4d8aba"}]',
))array (
  'ID' => '6f9cb4a4-ac36-48df-b07b-6cad1e4d8aba',
  'Name' => '2014-01-21测试代金券添加abc',
  'Price' => '0.01',
  'OriginalPrice' => '200.00',
  'AppPrice' => -1,
  'EventCommonId' => '14',
  'EventName' => '忠忠活动',
  'LimitCount' => '1',
  'LimitUnit' => 'Activity',
  'Amount' => '500',
  'StartDate' => '2014-06-30 10:10:00',
  'EndDate' => '2016-08-20 10:10:00',
  'UseStartDate' => '2014-06-30 10:10:00',
  'UseEndDate' => '2016-09-30 10:10:00',
  'PromoUrl' => 'http://local.buy.mplife.com/home/ticket/show/tid/34',
  'PromoImglist' => 
  array (
    0 => '2014/06/27/1403847660521324096.jpg',
  ),
  'Remark' => '代金券简介代金券简介代金券简介代金券简介代金券简介代金券简介',
  'MerchantCommonID' => '4',
  'MerchantName' => '忠忠店铺',
  'MerchantAddress' => '陆家嘴1000号18楼',
  'Image' => '',
  'isShow' => '0',
  'CommonID' => 34,
  'Status' => '1',
  'Code' => '',
  'CanShare' => '1',
  'City' => 'sh',
  'IsTuan' => 0,
  'ProductTypeLabel' => 'Sale',
  'UserId' => '99191036-304c-423b-b407-990dd86635a6',
  'RebateValue' => 0,
  'RebateUnit' => 0,
)
2015-12-22 17:32:23： stdClass::__set_state(array(
   'CreateTicketsResult' => '[{"code":"2","message":"976bc6c4-2169-40e5-8aeb-3d7f5072b978"}]',
))array (
  'ID' => '976bc6c4-2169-40e5-8aeb-3d7f5072b978',
  'Name' => '自助购买测试券2015-06-08',
  'Price' => 0,
  'OriginalPrice' => 0,
  'AppPrice' => -1,
  'EventCommonId' => '14',
  'EventName' => '忠忠活动',
  'LimitCount' => '1',
  'LimitUnit' => 'Activity',
  'Amount' => '500',
  'StartDate' => '2015-06-08 16:22:00',
  'EndDate' => '2016-06-08 17:22:00',
  'UseStartDate' => '2015-06-08 16:22:00',
  'UseEndDate' => '2016-07-08 17:22:00',
  'PromoUrl' => 'http://local.buy.mplife.com/home/ticket/show/tid/100',
  'PromoImglist' => 
  array (
  ),
  'Remark' => '自助购买测试券的简介',
  'MerchantCommonID' => '4',
  'MerchantName' => '忠忠店铺',
  'MerchantAddress' => '陆家嘴1000号18楼',
  'Image' => '',
  'isShow' => '0',
  'CommonID' => 100,
  'Status' => '1',
  'Code' => '',
  'City' => 'sh',
  'CanCustomPrice' => 1,
  'ProductTypeLabel' => 'Market',
  'UserId' => '99191036-304c-423b-b407-990dd86635a6',
  'RebateValue' => 0,
  'RebateUnit' => 1,
)
2015-12-22 17:32:37： stdClass::__set_state(array(
   'CreateTicketsResult' => '[{"code":"2","message":"824c638a-5acf-4306-b305-875a84677b46"}]',
))array (
  'ID' => '824c638a-5acf-4306-b305-875a84677b46',
  'ProductTypeLabel' => 'Commodity',
  'Name' => '3333333333333333',
  'SellingPoints' => '3333333333',
  'Price' => '98.00',
  'OriginalPrice' => '200.00',
  'AppPrice' => '0.00',
  'LimitCount' => '0',
  'LimitUnit' => 'Activity',
  'Amount' => '100',
  'Remark' => '22222222222222222',
  'MerchantCommonID' => '4',
  'MerchantName' => '忠忠店铺',
  'MerchantAddress' => '陆家嘴1000号18楼',
  'isShow' => '1',
  'FreeShipping' => '0',
  'CommonID' => 128,
  'Status' => '1',
  'City' => 'sh',
  'StoreId' => '4',
  'CategoryId' => '0',
  'skus' => '',
  'UserNameLimit' => '0',
  'MobileLimit' => '0',
  'CanWeb' => '0',
  'CanWap' => '0',
  'CanApp' => '1',
  'UserId' => '99191036-304c-423b-b407-990dd86635a6',
)
2015-12-22 17:32:53： stdClass::__set_state(array(
   'CreateTicketsResult' => '[{"code":"2","message":"4955022a-2e45-4b93-af5c-d69aa3417277"}]',
))array (
  'ID' => '4955022a-2e45-4b93-af5c-d69aa3417277',
  'ProductTypeLabel' => 'Crowdfunding',
  'Name' => '众筹2',
  'Price' => '2.00',
  'OriginalPrice' => '23.00',
  'LimitCount' => '0',
  'LimitUnit' => 'Activity',
  'Amount' => '12',
  'StartDate' => '2015-11-27 17:09:00',
  'EndDate' => '2015-12-18 17:09:00',
  'UseStartDate' => '2015-11-07 16:34:00',
  'UseEndDate' => '2015-12-12 16:34:00',
  'Remark' => '众筹2',
  'MerchantCommonID' => '4',
  'MerchantName' => '忠忠店铺',
  'MerchantAddress' => '陆家嘴1000号18楼',
  'isShow' => '1',
  'CommonID' => 122,
  'Status' => '1',
  'City' => 'sh',
  'StoreId' => '0',
  'UserNameLimit' => '0',
  'MobileLimit' => '0',
  'CanWeb' => '0',
  'CanWap' => '0',
  'CanApp' => '0',
  'UserId' => '99191036-304c-423b-b407-990dd86635a6',
  'PayTimeOut' => '10',
  'BuyCountTimes' => '1',
  'BuyDiscount' => '1',
)
