2016-02-22 13:33:08： stdClass::__set_state(array(
   'CreateTicketsResult' => '[{"code":"2","message":"f9746694-2dae-4d73-b9ea-b0a96cbe10e5"}]',
))array (
  'ID' => 'f9746694-2dae-4d73-b9ea-b0a96cbe10e5',
  'Name' => '3333333333333',
  'Price' => '200.00',
  'OriginalPrice' => '300.00',
  'AppPrice' => '0.00',
  'EventCommonId' => '23',
  'EventName' => 'Hellokitty',
  'LimitCount' => '1',
  'LimitUnit' => 'Activity',
  'Amount' => '1000',
  'StartDate' => '2016-02-01 15:48:00',
  'EndDate' => '2016-03-29 16:48:00',
  'UseStartDate' => '2015-11-19 15:48:00',
  'UseEndDate' => '2015-12-12 16:48:00',
  'PromoUrl' => 'http://local.buy.mplife.com/home/ticket/show/tid/127',
  'PromoImglist' => 
  array (
    0 => '2015/11/19/1447919320726042204.jpg',
  ),
  'Remark' => '333333333333333333333333',
  'MerchantCommonID' => '4',
  'MerchantName' => '忠忠店铺',
  'MerchantAddress' => '陆家嘴1000号18楼',
  'Image' => '',
  'isShow' => '1',
  'CommonID' => 127,
  'Status' => '1',
  'Code' => '',
  'CanShare' => '0',
  'City' => 'sh',
  'IsTuan' => 0,
  'ProductTypeLabel' => 'Brand',
  'UserId' => '99191036-304c-423b-b407-990dd86635a6',
  'RebateValue' => 0,
  'RebateUnit' => 0,
)
2016-02-22 16:32:36： stdClass::__set_state(array(
   'CreateTicketsResult' => '[{"code":"1","message":"67207ed5-88b9-4cc9-ac83-e560e7e14578"}]',
))array (
  'Name' => '222222222222222',
  'Price' => '90.00',
  'OriginalPrice' => '100.00',
  'AppPrice' => '0.00',
  'EventCommonId' => '17',
  'EventName' => '南京现金券活动',
  'LimitCount' => '1',
  'LimitUnit' => 'Activity',
  'Amount' => '200',
  'StartDate' => '2016-02-22 16:29:00',
  'EndDate' => '2016-03-12 17:29:00',
  'UseStartDate' => '2016-02-22 16:30:00',
  'UseEndDate' => '2016-04-09 17:30:00',
  'PromoUrl' => 'http://local.buy.mplife.com/home/ticket/show/tid/125',
  'PromoImglist' => 
  array (
  ),
  'Remark' => '222222222222222',
  'MerchantCommonID' => '4',
  'MerchantName' => '忠忠店铺',
  'MerchantAddress' => '陆家嘴1000号18楼',
  'Image' => '',
  'isShow' => '0',
  'CommonID' => 125,
  'Status' => '1',
  'Code' => '',
  'CanShare' => '0',
  'City' => 'sh',
  'IsTuan' => 0,
  'ProductTypeLabel' => 'Market',
  'UserId' => '99191036-304c-423b-b407-990dd86635a6',
  'RebateValue' => 0,
  'RebateUnit' => 0,
)
